<?xml version="1.0" encoding="UTF-8"?>
<!-- Generated by org.testng.reporters.JUnitXMLReporter -->
<testsuite ignored="0" hostname="AP-fecIEGYddx3p" failures="0" tests="3" name="Default test" time="1.788" errors="0" timestamp="2023-02-18T17:16:18 IST">
  <testcase classname="RestAssured.UserOperation" name="listOfUsers" time="1.002"/>
  <testcase classname="RestAssured.UserOperation" name="addNewUser" time="0.554"/>
  <testcase classname="RestAssured.UserOperation" name="validateNewUser" time="0.212"/>
</testsuite> <!-- Default test -->
